CRITICAL - 2024-07-09 01:30:32 --> CodeIgniter\View\Exceptions\ViewException: Invalid file: "front/acercade.php"
[Method: GET, Route: acercade]
in SYSTEMPATH\Exceptions\FrameworkException.php on line 41.
 1 SYSTEMPATH\View\View.php(222): CodeIgniter\Exceptions\FrameworkException::forInvalidFile('front/acercade.php')
 2 SYSTEMPATH\Common.php(1171): CodeIgniter\View\View->render('front/acercade', [], true)
 3 APPPATH\Controllers\Home.php(23): view('front/acercade')
 4 SYSTEMPATH\CodeIgniter.php(933): App\Controllers\Home->acercade()
 5 SYSTEMPATH\CodeIgniter.php(509): CodeIgniter\CodeIgniter->runController(Object(App\Controllers\Home))
 6 SYSTEMPATH\CodeIgniter.php(355): CodeIgniter\CodeIgniter->handleRequest(null, Object(Config\Cache), false)
 7 SYSTEMPATH\Boot.php(325): CodeIgniter\CodeIgniter->run()
 8 SYSTEMPATH\Boot.php(67): CodeIgniter\Boot::runCodeIgniter(Object(CodeIgniter\CodeIgniter))
 9 FCPATH\index.php(56): CodeIgniter\Boot::bootWeb(Object(Config\Paths))
CRITICAL - 2024-07-09 18:41:15 --> CodeIgniter\View\Exceptions\ViewException: Invalid file: "front/acercade.php"
[Method: GET, Route: acercade]
in SYSTEMPATH\Exceptions\FrameworkException.php on line 41.
 1 SYSTEMPATH\View\View.php(222): CodeIgniter\Exceptions\FrameworkException::forInvalidFile('front/acercade.php')
 2 SYSTEMPATH\Common.php(1171): CodeIgniter\View\View->render('front/acercade', [], true)
 3 APPPATH\Controllers\Home.php(23): view('front/acercade')
 4 SYSTEMPATH\CodeIgniter.php(933): App\Controllers\Home->acercade()
 5 SYSTEMPATH\CodeIgniter.php(509): CodeIgniter\CodeIgniter->runController(Object(App\Controllers\Home))
 6 SYSTEMPATH\CodeIgniter.php(355): CodeIgniter\CodeIgniter->handleRequest(null, Object(Config\Cache), false)
 7 SYSTEMPATH\Boot.php(325): CodeIgniter\CodeIgniter->run()
 8 SYSTEMPATH\Boot.php(67): CodeIgniter\Boot::runCodeIgniter(Object(CodeIgniter\CodeIgniter))
 9 FCPATH\index.php(56): CodeIgniter\Boot::bootWeb(Object(Config\Paths))
